<?xml version="1.0" encoding="UTF-8"?>
<!-- Generated by org.testng.reporters.JUnitReportReporter -->
<testsuite hostname="MacBook-Pro-de-Vinicius.local" failures="0" tests="1" name="project2025.appiumnew.AppiumBasics2025" time="5.164" errors="0" timestamp="2025-01-04T08:03:16 BRT" skipped="0">
  <testcase classname="project2025.appiumnew.AppiumBasics2025" name="AppiumTest" time="5.164"/>
</testsuite> <!-- project2025.appiumnew.AppiumBasics2025 -->
