<?xml version="1.0" encoding="UTF-8"?>
<!-- Generated by org.testng.reporters.JUnitReportReporter -->
<testsuite hostname="MacBook-Pro-de-Vinicius.local" failures="0" tests="1" name="project2025.appiumnew.AppiumBasics2025" time="6.351" errors="0" timestamp="2025-01-08T19:59:41 BRT" skipped="0">
  <testcase classname="project2025.appiumnew.AppiumBasics2025" name="WifiSettingsName" time="6.351"/>
</testsuite> <!-- project2025.appiumnew.AppiumBasics2025 -->
